Warning: unrecognized setting VCCLCompilerTool/MultiProcessorCompilation
Warning: unrecognized setting VCCLCompilerTool/MultiProcessorCompilation
gyp ERR! build error 
gyp ERR! stack Error: `C:\Windows\Microsoft.NET\Framework\v4.0.30319\msbuild.exe` failed with exit code: 1
gyp ERR! stack     at ChildProcess.onExit (C:\Users\sanat\AppData\Roaming\npm\node_modules\npm\node_modules\node-gyp\lib\build.js:262:23)
gyp ERR! stack     at ChildProcess.emit (events.js:189:13)
gyp ERR! stack     at Process.ChildProcess._handle.onexit (internal/child_process.js:248:12)
gyp ERR! System Windows_NT 10.0.17134
gyp ERR! command "C:\\Program Files\\nodejs\\node.exe" "C:\\Users\\sanat\\AppData\\Roaming\\npm\\node_modules\\npm\\node_modules\\node-gyp\\bin\\node-gyp.js" "rebuild"
gyp ERR! cwd C:\Users\sanat\Desktop\payrec-api\node_modules\ursa-optional
gyp ERR! node -v v10.15.1
gyp ERR! node-gyp -v v3.8.0
gyp ERR! not ok 
npm ERR! code ELIFECYCLE
npm ERR! errno 1
npm ERR! ursa-optional@0.9.10 rebuild: `node-gyp rebuild`
npm ERR! Exit status 1
npm ERR! 
npm ERR! Failed at the ursa-optional@0.9.10 rebuild script.
npm ERR! This is probably not a problem with npm. There is likely additional logging output above.
npm WARN Local package.json exists, but node_modules missing, did you mean to install?

npm ERR! A complete log of this run can be found in:
npm ERR!     C:\Users\sanat\AppData\Roaming\npm-cache\_logs\2019-03-02T04_00_25_718Z-debug.log
